[debug] [2022-11-28T16:59:10.743Z] ----------------------------------------------------------------------
[debug] [2022-11-28T16:59:10.745Z] Command:       C:\Program Files\nodejs\node.exe C:\Users\USER\AppData\Roaming\npm\node_modules\firebase-tools\lib\bin\firebase.js deploy
[debug] [2022-11-28T16:59:10.745Z] CLI Version:   11.16.0
[debug] [2022-11-28T16:59:10.745Z] Platform:      win32
[debug] [2022-11-28T16:59:10.745Z] Node Version:  v18.9.0
[debug] [2022-11-28T16:59:10.746Z] Time:          Mon Nov 28 2022 22:59:10 GMT+0600 (Bangladesh Standard Time)
[debug] [2022-11-28T16:59:10.746Z] ----------------------------------------------------------------------
[debug] 
[debug] [2022-11-28T16:59:10.805Z] > command requires scopes: ["email","openid","https://www.googleapis.com/auth/cloudplatformprojects.readonly","https://www.googleapis.com/auth/firebase","https://www.googleapis.com/auth/cloud-platform"]
[debug] [2022-11-28T16:59:10.806Z] > authorizing via signed-in user (mdhasan8064@gmail.com)
[debug] [2022-11-28T16:59:10.806Z] [iam] checking project mobilly76 for permissions ["firebase.projects.get","firebasehosting.sites.update"]
[debug] [2022-11-28T16:59:10.807Z] > refreshing access token with scopes: []
[debug] [2022-11-28T16:59:10.809Z] >>> [apiv2][query] POST https://www.googleapis.com/oauth2/v3/token [none]
[debug] [2022-11-28T16:59:10.809Z] >>> [apiv2][body] POST https://www.googleapis.com/oauth2/v3/token [omitted]
[debug] [2022-11-28T16:59:12.147Z] <<< [apiv2][status] POST https://www.googleapis.com/oauth2/v3/token 200
[debug] [2022-11-28T16:59:12.147Z] <<< [apiv2][body] POST https://www.googleapis.com/oauth2/v3/token [omitted]
[debug] [2022-11-28T16:59:12.154Z] >>> [apiv2][query] POST https://cloudresourcemanager.googleapis.com/v1/projects/mobilly76:testIamPermissions [none]
[debug] [2022-11-28T16:59:12.154Z] >>> [apiv2][(partial)header] POST https://cloudresourcemanager.googleapis.com/v1/projects/mobilly76:testIamPermissions x-goog-quota-user=projects/mobilly76
[debug] [2022-11-28T16:59:12.154Z] >>> [apiv2][body] POST https://cloudresourcemanager.googleapis.com/v1/projects/mobilly76:testIamPermissions {"permissions":["firebase.projects.get","firebasehosting.sites.update"]}
[debug] [2022-11-28T16:59:13.918Z] <<< [apiv2][status] POST https://cloudresourcemanager.googleapis.com/v1/projects/mobilly76:testIamPermissions 200
[debug] [2022-11-28T16:59:13.918Z] <<< [apiv2][body] POST https://cloudresourcemanager.googleapis.com/v1/projects/mobilly76:testIamPermissions {"permissions":["firebase.projects.get","firebasehosting.sites.update"]}
[debug] [2022-11-28T16:59:13.919Z] >>> [apiv2][query] GET https://firebase.googleapis.com/v1beta1/projects/mobilly76 [none]
[debug] [2022-11-28T16:59:14.747Z] <<< [apiv2][status] GET https://firebase.googleapis.com/v1beta1/projects/mobilly76 200
[debug] [2022-11-28T16:59:14.747Z] <<< [apiv2][body] GET https://firebase.googleapis.com/v1beta1/projects/mobilly76 {"projectId":"mobilly76","projectNumber":"430448846146","displayName":"MobilLy76","name":"projects/mobilly76","resources":{"hostingSite":"mobilly76"},"state":"ACTIVE","etag":"1_a191e379-c13c-4a51-9aea-57404b1931c6"}
[info] 
[info] === Deploying to 'mobilly76'...
[info] 
[info] i  deploying hosting 
[debug] [2022-11-28T16:59:14.755Z] >>> [apiv2][query] POST https://firebasehosting.googleapis.com/v1beta1/projects/-/sites/mobilly76/versions [none]
[debug] [2022-11-28T16:59:14.755Z] >>> [apiv2][body] POST https://firebasehosting.googleapis.com/v1beta1/projects/-/sites/mobilly76/versions {"status":"CREATED","labels":{"deployment-tool":"cli-firebase"}}
[debug] [2022-11-28T16:59:16.887Z] <<< [apiv2][status] POST https://firebasehosting.googleapis.com/v1beta1/projects/-/sites/mobilly76/versions 200
[debug] [2022-11-28T16:59:16.887Z] <<< [apiv2][body] POST https://firebasehosting.googleapis.com/v1beta1/projects/-/sites/mobilly76/versions {"name":"projects/430448846146/sites/mobilly76/versions/dbfb8393ce03ea31","status":"CREATED","config":{},"labels":{"deployment-tool":"cli-firebase"}}
[info] i  hosting[mobilly76]: beginning deploy... 
[info] i  hosting[mobilly76]: found 18 files in build 
[debug] [2022-11-28T16:59:16.898Z] [hosting] uploading with 200 concurrency
[debug] [2022-11-28T16:59:17.855Z] [hosting] hash cache [YnVpbGQ] stored for 18 files
[debug] [2022-11-28T16:59:17.856Z] [hosting][hash queue][FINAL] {"max":951,"min":2,"avg":60.05555555555556,"active":0,"complete":18,"success":18,"errored":0,"retried":0,"total":18,"elapsed":956}
[debug] [2022-11-28T16:59:17.856Z] >>> [apiv2][query] POST https://firebasehosting.googleapis.com/v1beta1/projects/430448846146/sites/mobilly76/versions/dbfb8393ce03ea31:populateFiles [none]
[debug] [2022-11-28T16:59:17.856Z] >>> [apiv2][body] POST https://firebasehosting.googleapis.com/v1beta1/projects/430448846146/sites/mobilly76/versions/dbfb8393ce03ea31:populateFiles {"files":{"/favicon.ico":"1f20e7d7a649686f131487f31ca038aa92e359e790753647e62c102289ec1194","/logo192.png":"3ee59515172ee198f3be375979df15ac5345183e656720a381b8872b2a39dc8b","/logo512.png":"ee7e2f3fdb8209c4b6fd7bef6ba50d1b9dba30a25bb5c3126df057e1cb6f5331","/manifest.json":"aff3449bdc238776f5d6d967f19ec491b36aed5fb7f23ccff6500736fd58494a","/robots.txt":"bfe106a3fb878dc83461c86818bf74fc1bdc7f28538ba613cd3e775516ce8b49","/asset-manifest.json":"828dc23c678f4fa8d88ac50fe90a6993dada36d006cb8524763a6c3a36d86023","/index.html":"58aa222694e9b7f9b5e2c4a9f6476f2077459010c73b0b15c00291b76e21dbde","/static/js/787.bfb94d70.chunk.js":"eec6227248337d2b301b8f04d545a034f9c6c91a2a97bee8266fb33bc6488a7a","/static/js/787.bfb94d70.chunk.js.map":"3ddec8963e316877cf1218a8bf753f64ca05897d25002d954f25ef973082a879","/static/js/main.ac454d57.js.LICENSE.txt":"f621b4e7f4e61953028a8d52b85cfaaac237bfffcb40034341de36786ecc3b16","/static/css/main.8ed661ab.css.map":"e09608f6edbf9c860912010318685295557af5dac60bf4e2eb21a37004e0e935","/static/media/vivobanner2.2aca198831d746c2211c.jfif":"472e5dd4ba66b2862a140c7c22f3c278a9c512d246c14d4a05bf6f48a1d56e5e","/static/media/img404.e29a00a99378a4a7e83e.jpg":"eb2b76a0219dab0f4a6dd1a5467cdbc272424ed411714ae6907254d6aa6bea4f","/static/css/main.8ed661ab.css":"728ef799dfb5313f82f4efa04a8423e9f8a29218a5b6fbb06318efeace6d43fb","/static/media/samsungbanner.0d45cf129ed982c11726.webp":"dc5b0038a3ac21aa4ccd133a38d29be93d906e73c34017338e15bcf63314d93b","/static/media/realmebanner.8ed526a53eacfa15a2b6.jpg":"0ab05be527c7350307ef5f0349a6b374eb3d5244e023bcb2d7630120de34c1c5","/static/js/main.ac454d57.js":"5b7fc80623bb9a28bf8c66358d41f7a9b311b045fa2f2c2f5ed54de858d64070","/static/js/main.ac454d57.js.map":"b8909e0cd8b6903d09f3000922c5ccaf3af0f1614c86991aa6e5df31d382c56c"}}
[debug] [2022-11-28T16:59:19.289Z] <<< [apiv2][status] POST https://firebasehosting.googleapis.com/v1beta1/projects/430448846146/sites/mobilly76/versions/dbfb8393ce03ea31:populateFiles 200
[debug] [2022-11-28T16:59:19.289Z] <<< [apiv2][body] POST https://firebasehosting.googleapis.com/v1beta1/projects/430448846146/sites/mobilly76/versions/dbfb8393ce03ea31:populateFiles {"uploadRequiredHashes":["58aa222694e9b7f9b5e2c4a9f6476f2077459010c73b0b15c00291b76e21dbde","e09608f6edbf9c860912010318685295557af5dac60bf4e2eb21a37004e0e935","5b7fc80623bb9a28bf8c66358d41f7a9b311b045fa2f2c2f5ed54de858d64070","b8909e0cd8b6903d09f3000922c5ccaf3af0f1614c86991aa6e5df31d382c56c","828dc23c678f4fa8d88ac50fe90a6993dada36d006cb8524763a6c3a36d86023","728ef799dfb5313f82f4efa04a8423e9f8a29218a5b6fbb06318efeace6d43fb"],"uploadUrl":"https://upload-firebasehosting.googleapis.com/upload/sites/mobilly76/versions/dbfb8393ce03ea31/files"}
[debug] [2022-11-28T16:59:19.290Z] >>> [apiv2][query] POST https://upload-firebasehosting.googleapis.com/upload/sites/mobilly76/versions/dbfb8393ce03ea31/files/58aa222694e9b7f9b5e2c4a9f6476f2077459010c73b0b15c00291b76e21dbde [none]
[debug] [2022-11-28T16:59:19.290Z] >>> [apiv2][body] POST https://upload-firebasehosting.googleapis.com/upload/sites/mobilly76/versions/dbfb8393ce03ea31/files/58aa222694e9b7f9b5e2c4a9f6476f2077459010c73b0b15c00291b76e21dbde [stream]
[debug] [2022-11-28T16:59:19.292Z] >>> [apiv2][query] POST https://upload-firebasehosting.googleapis.com/upload/sites/mobilly76/versions/dbfb8393ce03ea31/files/e09608f6edbf9c860912010318685295557af5dac60bf4e2eb21a37004e0e935 [none]
[debug] [2022-11-28T16:59:19.292Z] >>> [apiv2][body] POST https://upload-firebasehosting.googleapis.com/upload/sites/mobilly76/versions/dbfb8393ce03ea31/files/e09608f6edbf9c860912010318685295557af5dac60bf4e2eb21a37004e0e935 [stream]
[debug] [2022-11-28T16:59:19.293Z] >>> [apiv2][query] POST https://upload-firebasehosting.googleapis.com/upload/sites/mobilly76/versions/dbfb8393ce03ea31/files/5b7fc80623bb9a28bf8c66358d41f7a9b311b045fa2f2c2f5ed54de858d64070 [none]
[debug] [2022-11-28T16:59:19.293Z] >>> [apiv2][body] POST https://upload-firebasehosting.googleapis.com/upload/sites/mobilly76/versions/dbfb8393ce03ea31/files/5b7fc80623bb9a28bf8c66358d41f7a9b311b045fa2f2c2f5ed54de858d64070 [stream]
[debug] [2022-11-28T16:59:19.294Z] >>> [apiv2][query] POST https://upload-firebasehosting.googleapis.com/upload/sites/mobilly76/versions/dbfb8393ce03ea31/files/b8909e0cd8b6903d09f3000922c5ccaf3af0f1614c86991aa6e5df31d382c56c [none]
[debug] [2022-11-28T16:59:19.294Z] >>> [apiv2][body] POST https://upload-firebasehosting.googleapis.com/upload/sites/mobilly76/versions/dbfb8393ce03ea31/files/b8909e0cd8b6903d09f3000922c5ccaf3af0f1614c86991aa6e5df31d382c56c [stream]
[debug] [2022-11-28T16:59:19.295Z] >>> [apiv2][query] POST https://upload-firebasehosting.googleapis.com/upload/sites/mobilly76/versions/dbfb8393ce03ea31/files/828dc23c678f4fa8d88ac50fe90a6993dada36d006cb8524763a6c3a36d86023 [none]
[debug] [2022-11-28T16:59:19.296Z] >>> [apiv2][body] POST https://upload-firebasehosting.googleapis.com/upload/sites/mobilly76/versions/dbfb8393ce03ea31/files/828dc23c678f4fa8d88ac50fe90a6993dada36d006cb8524763a6c3a36d86023 [stream]
[debug] [2022-11-28T16:59:19.297Z] >>> [apiv2][query] POST https://upload-firebasehosting.googleapis.com/upload/sites/mobilly76/versions/dbfb8393ce03ea31/files/728ef799dfb5313f82f4efa04a8423e9f8a29218a5b6fbb06318efeace6d43fb [none]
[debug] [2022-11-28T16:59:19.297Z] >>> [apiv2][body] POST https://upload-firebasehosting.googleapis.com/upload/sites/mobilly76/versions/dbfb8393ce03ea31/files/728ef799dfb5313f82f4efa04a8423e9f8a29218a5b6fbb06318efeace6d43fb [stream]
[debug] [2022-11-28T16:59:19.297Z] [hosting][populate queue][FINAL] {"max":1436,"min":1436,"avg":1436,"active":0,"complete":1,"success":1,"errored":0,"retried":0,"total":1,"elapsed":1443}
[debug] [2022-11-28T16:59:19.298Z] [hosting] uploads queued: 6
[debug] [2022-11-28T16:59:21.220Z] <<< [apiv2][status] POST https://upload-firebasehosting.googleapis.com/upload/sites/mobilly76/versions/dbfb8393ce03ea31/files/5b7fc80623bb9a28bf8c66358d41f7a9b311b045fa2f2c2f5ed54de858d64070 200
[debug] [2022-11-28T16:59:21.220Z] <<< [apiv2][body] POST https://upload-firebasehosting.googleapis.com/upload/sites/mobilly76/versions/dbfb8393ce03ea31/files/5b7fc80623bb9a28bf8c66358d41f7a9b311b045fa2f2c2f5ed54de858d64070 [stream]
[debug] [2022-11-28T16:59:21.818Z] <<< [apiv2][status] POST https://upload-firebasehosting.googleapis.com/upload/sites/mobilly76/versions/dbfb8393ce03ea31/files/e09608f6edbf9c860912010318685295557af5dac60bf4e2eb21a37004e0e935 200
[debug] [2022-11-28T16:59:21.818Z] <<< [apiv2][body] POST https://upload-firebasehosting.googleapis.com/upload/sites/mobilly76/versions/dbfb8393ce03ea31/files/e09608f6edbf9c860912010318685295557af5dac60bf4e2eb21a37004e0e935 [stream]
[debug] [2022-11-28T16:59:22.327Z] <<< [apiv2][status] POST https://upload-firebasehosting.googleapis.com/upload/sites/mobilly76/versions/dbfb8393ce03ea31/files/58aa222694e9b7f9b5e2c4a9f6476f2077459010c73b0b15c00291b76e21dbde 200
[debug] [2022-11-28T16:59:22.328Z] <<< [apiv2][body] POST https://upload-firebasehosting.googleapis.com/upload/sites/mobilly76/versions/dbfb8393ce03ea31/files/58aa222694e9b7f9b5e2c4a9f6476f2077459010c73b0b15c00291b76e21dbde [stream]
[debug] [2022-11-28T16:59:22.464Z] <<< [apiv2][status] POST https://upload-firebasehosting.googleapis.com/upload/sites/mobilly76/versions/dbfb8393ce03ea31/files/828dc23c678f4fa8d88ac50fe90a6993dada36d006cb8524763a6c3a36d86023 200
[debug] [2022-11-28T16:59:22.464Z] <<< [apiv2][body] POST https://upload-firebasehosting.googleapis.com/upload/sites/mobilly76/versions/dbfb8393ce03ea31/files/828dc23c678f4fa8d88ac50fe90a6993dada36d006cb8524763a6c3a36d86023 [stream]
[debug] [2022-11-28T16:59:23.136Z] <<< [apiv2][status] POST https://upload-firebasehosting.googleapis.com/upload/sites/mobilly76/versions/dbfb8393ce03ea31/files/728ef799dfb5313f82f4efa04a8423e9f8a29218a5b6fbb06318efeace6d43fb 200
[debug] [2022-11-28T16:59:23.136Z] <<< [apiv2][body] POST https://upload-firebasehosting.googleapis.com/upload/sites/mobilly76/versions/dbfb8393ce03ea31/files/728ef799dfb5313f82f4efa04a8423e9f8a29218a5b6fbb06318efeace6d43fb [stream]
[debug] [2022-11-28T16:59:24.166Z] <<< [apiv2][status] POST https://upload-firebasehosting.googleapis.com/upload/sites/mobilly76/versions/dbfb8393ce03ea31/files/b8909e0cd8b6903d09f3000922c5ccaf3af0f1614c86991aa6e5df31d382c56c 200
[debug] [2022-11-28T16:59:24.166Z] <<< [apiv2][body] POST https://upload-firebasehosting.googleapis.com/upload/sites/mobilly76/versions/dbfb8393ce03ea31/files/b8909e0cd8b6903d09f3000922c5ccaf3af0f1614c86991aa6e5df31d382c56c [stream]
[debug] [2022-11-28T16:59:24.167Z] [hosting][upload queue][FINAL] {"max":4877,"min":1930,"avg":3232.3333333333335,"active":0,"complete":6,"success":6,"errored":0,"retried":0,"total":6,"elapsed":4878}
[info] +  hosting[mobilly76]: file upload complete 
[debug] [2022-11-28T16:59:24.168Z] [hosting] deploy completed after 7279ms
[debug] [2022-11-28T16:59:24.171Z] [
  {
    "config": {
      "public": "build",
      "ignore": [
        "firebase.json",
        "**/.*",
        "**/node_modules/**"
      ],
      "rewrites": [
        {
          "source": "**",
          "destination": "/index.html"
        }
      ],
      "site": "mobilly76"
    },
    "version": "projects/430448846146/sites/mobilly76/versions/dbfb8393ce03ea31"
  }
]
[info] i  hosting[mobilly76]: finalizing version... 
[debug] [2022-11-28T16:59:24.174Z] >>> [apiv2][query] PATCH https://firebasehosting.googleapis.com/v1beta1/projects/-/sites/mobilly76/versions/dbfb8393ce03ea31 updateMask=status%2Cconfig
[debug] [2022-11-28T16:59:24.174Z] >>> [apiv2][body] PATCH https://firebasehosting.googleapis.com/v1beta1/projects/-/sites/mobilly76/versions/dbfb8393ce03ea31 {"status":"FINALIZED","config":{"rewrites":[{"glob":"**","path":"/index.html"}]}}
[debug] [2022-11-28T16:59:25.739Z] <<< [apiv2][status] PATCH https://firebasehosting.googleapis.com/v1beta1/projects/-/sites/mobilly76/versions/dbfb8393ce03ea31 200
[debug] [2022-11-28T16:59:25.740Z] <<< [apiv2][body] PATCH https://firebasehosting.googleapis.com/v1beta1/projects/-/sites/mobilly76/versions/dbfb8393ce03ea31 {"name":"projects/430448846146/sites/mobilly76/versions/dbfb8393ce03ea31","status":"FINALIZED","config":{"rewrites":[{"glob":"**","path":"/index.html"}]},"labels":{"deployment-tool":"cli-firebase"},"createTime":"2022-11-28T16:59:16.964086Z","createUser":{"email":"mdhasan8064@gmail.com"},"finalizeTime":"2022-11-28T16:59:26.303156Z","finalizeUser":{"email":"mdhasan8064@gmail.com"}}
[debug] [2022-11-28T16:59:25.740Z] [hosting] finalized version for mobilly76:[object Object]
[info] +  hosting[mobilly76]: version finalized 
[info] i  hosting[mobilly76]: releasing new version... 
[debug] [2022-11-28T16:59:25.741Z] >>> [apiv2][query] POST https://firebasehosting.googleapis.com/v1beta1/projects/-/sites/mobilly76/channels/live/releases versionName=projects%2F430448846146%2Fsites%2Fmobilly76%2Fversions%2Fdbfb8393ce03ea31
[debug] [2022-11-28T16:59:25.741Z] >>> [apiv2][body] POST https://firebasehosting.googleapis.com/v1beta1/projects/-/sites/mobilly76/channels/live/releases {}
[debug] [2022-11-28T16:59:27.279Z] <<< [apiv2][status] POST https://firebasehosting.googleapis.com/v1beta1/projects/-/sites/mobilly76/channels/live/releases 200
[debug] [2022-11-28T16:59:27.279Z] <<< [apiv2][body] POST https://firebasehosting.googleapis.com/v1beta1/projects/-/sites/mobilly76/channels/live/releases {"name":"projects/430448846146/sites/mobilly76/channels/live/releases/1669654767087135","version":{"name":"projects/430448846146/sites/mobilly76/versions/dbfb8393ce03ea31","status":"FINALIZED","config":{"rewrites":[{"glob":"**","path":"/index.html"}]},"labels":{"deployment-tool":"cli-firebase"},"createTime":"2022-11-28T16:59:16.964086Z","createUser":{"email":"mdhasan8064@gmail.com","imageUrl":"https://lh3.googleusercontent.com/a/ALm5wu3DtdnVM2LxOq7hgJgjFiN8RunZpoTJEeaxKWJUnA"},"finalizeTime":"2022-11-28T16:59:26.303156Z","finalizeUser":{"email":"mdhasan8064@gmail.com","imageUrl":"https://lh3.googleusercontent.com/a/ALm5wu3DtdnVM2LxOq7hgJgjFiN8RunZpoTJEeaxKWJUnA"}},"type":"DEPLOY","releaseTime":"2022-11-28T16:59:27.087135854Z","releaseUser":{"email":"mdhasan8064@gmail.com","imageUrl":"https://lh3.googleusercontent.com/a/ALm5wu3DtdnVM2LxOq7hgJgjFiN8RunZpoTJEeaxKWJUnA"}}
[debug] [2022-11-28T16:59:27.279Z] [hosting] release: {"name":"projects/430448846146/sites/mobilly76/channels/live/releases/1669654767087135","version":{"name":"projects/430448846146/sites/mobilly76/versions/dbfb8393ce03ea31","status":"FINALIZED","config":{"rewrites":[{"glob":"**","path":"/index.html"}]},"labels":{"deployment-tool":"cli-firebase"},"createTime":"2022-11-28T16:59:16.964086Z","createUser":{"email":"mdhasan8064@gmail.com","imageUrl":"https://lh3.googleusercontent.com/a/ALm5wu3DtdnVM2LxOq7hgJgjFiN8RunZpoTJEeaxKWJUnA"},"finalizeTime":"2022-11-28T16:59:26.303156Z","finalizeUser":{"email":"mdhasan8064@gmail.com","imageUrl":"https://lh3.googleusercontent.com/a/ALm5wu3DtdnVM2LxOq7hgJgjFiN8RunZpoTJEeaxKWJUnA"}},"type":"DEPLOY","releaseTime":"2022-11-28T16:59:27.087135854Z","releaseUser":{"email":"mdhasan8064@gmail.com","imageUrl":"https://lh3.googleusercontent.com/a/ALm5wu3DtdnVM2LxOq7hgJgjFiN8RunZpoTJEeaxKWJUnA"}}
[info] +  hosting[mobilly76]: release complete 
